Build started 2/9/2012 12:12:45 PM.
     1>Project "C:\Users\lfrazier\Desktop\lfrazierRaytracer\lfrazierRaytracer\lfrazierRaytracer.vcxproj" on node 2 (build target(s)).
     1>InitializeBuildStatus:
         Creating "Release\lfrazierRaytracer.unsuccessfulbuild" because "AlwaysCreate" was specified.
       ClCompile:
         c:\Program Files (x86)\Microsoft Visual Studio 10.0\VC\bin\CL.exe /c /Zi /nologo /W3 /WX- /O2 /Oi /Oy- /GL /D WIN32 /D NDEBUG /D _CONSOLE /D _UNICODE /D UNICODE /Gm- /EHsc /MD /GS /Gy /fp:precise /Zc:wchar_t /Zc:forScope /Fo"Release\\" /Fd"Release\vc100.pdb" /Gd /TP /analyze- /errorReport:prompt Lamp.cpp
         Lamp.cpp
         All outputs are up-to-date.
       Link:
         c:\Program Files (x86)\Microsoft Visual Studio 10.0\VC\bin\link.exe /ERRORREPORT:PROMPT /OUT:"C:\Users\lfrazier\Desktop\lfrazierRaytracer\Release\lfrazierRaytracer.exe" /INCREMENTAL:NO /NOLOGO kernel32.lib user32.lib gdi32.lib winspool.lib comdlg32.lib advapi32.lib shell32.lib ole32.lib oleaut32.lib uuid.lib odbc32.lib odbccp32.lib /MANIFEST /ManifestFile:"Release\lfrazierRaytracer.exe.intermediate.manifest" /MANIFESTUAC:"level='asInvoker' uiAccess='false'" /DEBUG /PDB:"C:\Users\lfrazier\Desktop\lfrazierRaytracer\Release\lfrazierRaytracer.pdb" /SUBSYSTEM:CONSOLE /OPT:REF /OPT:ICF /LTCG /TLBID:1 /DYNAMICBASE /NXCOMPAT /IMPLIB:"C:\Users\lfrazier\Desktop\lfrazierRaytracer\Release\lfrazierRaytracer.lib" /MACHINE:X86 Release\Cabinet.obj
         Release\Camera.obj
         Release\Chair.obj
         Release\Cube.obj
         Release\Cylinder.obj
         Release\EasyBMP.obj
         Release\Floor.obj
         Release\Furniture.obj
         Release\glew.obj
         Release\intersection.obj
         Release\Lamp.obj
         Release\main.obj
         Release\Mesh.obj
         Release\Node.obj
         Release\Raytracer.obj
         Release\SceneGraph.obj
         Release\Sphere.obj
         Release\Table.obj
         Generating code
         Finished generating code
         lfrazierRaytracer.vcxproj -> C:\Users\lfrazier\Desktop\lfrazierRaytracer\Release\lfrazierRaytracer.exe
       Manifest:
         C:\Program Files (x86)\Microsoft SDKs\Windows\v7.0A\bin\mt.exe /nologo /verbose /outputresource:"C:\Users\lfrazier\Desktop\lfrazierRaytracer\Release\lfrazierRaytracer.exe;#1" /manifest Release\lfrazierRaytracer.exe.intermediate.manifest
       FinalizeBuildStatus:
         Deleting file "Release\lfrazierRaytracer.unsuccessfulbuild".
         Touching "Release\lfrazierRaytracer.lastbuildstate".
     1>Done Building Project "C:\Users\lfrazier\Desktop\lfrazierRaytracer\lfrazierRaytracer\lfrazierRaytracer.vcxproj" (build target(s)).

Build succeeded.

Time Elapsed 00:00:18.92
