C:\USER\VISUAL STUDIO 2010\PROJECTS\LFRAZIERRAYTRACER\DEBUG\LFRAZIERRAYTRACER.EXE
C:\USER\VISUAL STUDIO 2010\PROJECTS\LFRAZIERRAYTRACER\DEBUG\LFRAZIERRAYTRACER.ILK
C:\USER\VISUAL STUDIO 2010\PROJECTS\LFRAZIERRAYTRACER\DEBUG\LFRAZIERRAYTRACER.PDB
C:\USER\VISUAL STUDIO 2010\PROJECTS\LFRAZIERRAYTRACER\LFRAZIERRAYTRACER\DEBUG\CABINET.OBJ
C:\USER\VISUAL STUDIO 2010\PROJECTS\LFRAZIERRAYTRACER\LFRAZIERRAYTRACER\DEBUG\CAMERA.OBJ
C:\USER\VISUAL STUDIO 2010\PROJECTS\LFRAZIERRAYTRACER\LFRAZIERRAYTRACER\DEBUG\CHAIR.OBJ
C:\USER\VISUAL STUDIO 2010\PROJECTS\LFRAZIERRAYTRACER\LFRAZIERRAYTRACER\DEBUG\CUBE.OBJ
C:\USER\VISUAL STUDIO 2010\PROJECTS\LFRAZIERRAYTRACER\LFRAZIERRAYTRACER\DEBUG\CYLINDER.OBJ
C:\USER\VISUAL STUDIO 2010\PROJECTS\LFRAZIERRAYTRACER\LFRAZIERRAYTRACER\DEBUG\EASYBMP.OBJ
C:\USER\VISUAL STUDIO 2010\PROJECTS\LFRAZIERRAYTRACER\LFRAZIERRAYTRACER\DEBUG\FLOOR.OBJ
C:\USER\VISUAL STUDIO 2010\PROJECTS\LFRAZIERRAYTRACER\LFRAZIERRAYTRACER\DEBUG\FURNITURE.OBJ
C:\USER\VISUAL STUDIO 2010\PROJECTS\LFRAZIERRAYTRACER\LFRAZIERRAYTRACER\DEBUG\GLEW.OBJ
C:\USER\VISUAL STUDIO 2010\PROJECTS\LFRAZIERRAYTRACER\LFRAZIERRAYTRACER\DEBUG\INTERSECTION.OBJ
C:\USER\VISUAL STUDIO 2010\PROJECTS\LFRAZIERRAYTRACER\LFRAZIERRAYTRACER\DEBUG\LAMP.OBJ
C:\USER\VISUAL STUDIO 2010\PROJECTS\LFRAZIERRAYTRACER\LFRAZIERRAYTRACER\DEBUG\LFRAZIERRAYTRACER.EXE.EMBED.MANIFEST
C:\USER\VISUAL STUDIO 2010\PROJECTS\LFRAZIERRAYTRACER\LFRAZIERRAYTRACER\DEBUG\LFRAZIERRAYTRACER.EXE.EMBED.MANIFEST.RES
C:\USER\VISUAL STUDIO 2010\PROJECTS\LFRAZIERRAYTRACER\LFRAZIERRAYTRACER\DEBUG\LFRAZIERRAYTRACER.EXE.INTERMEDIATE.MANIFEST
C:\USER\VISUAL STUDIO 2010\PROJECTS\LFRAZIERRAYTRACER\LFRAZIERRAYTRACER\DEBUG\MAIN.OBJ
C:\USER\VISUAL STUDIO 2010\PROJECTS\LFRAZIERRAYTRACER\LFRAZIERRAYTRACER\DEBUG\MESH.OBJ
C:\USER\VISUAL STUDIO 2010\PROJECTS\LFRAZIERRAYTRACER\LFRAZIERRAYTRACER\DEBUG\NODE.OBJ
C:\USER\VISUAL STUDIO 2010\PROJECTS\LFRAZIERRAYTRACER\LFRAZIERRAYTRACER\DEBUG\RAYTRACER.OBJ
C:\USER\VISUAL STUDIO 2010\PROJECTS\LFRAZIERRAYTRACER\LFRAZIERRAYTRACER\DEBUG\SCENEGRAPH.OBJ
C:\USER\VISUAL STUDIO 2010\PROJECTS\LFRAZIERRAYTRACER\LFRAZIERRAYTRACER\DEBUG\SPHERE.OBJ
C:\USER\VISUAL STUDIO 2010\PROJECTS\LFRAZIERRAYTRACER\LFRAZIERRAYTRACER\DEBUG\TABLE.OBJ
C:\USER\VISUAL STUDIO 2010\PROJECTS\LFRAZIERRAYTRACER\LFRAZIERRAYTRACER\DEBUG\VC100.PDB
C:\USERS\LFRAZIER\DESKTOP\LFRAZIERRAYTRACER\DEBUG\LFRAZIERRAYTRACER.EXE
C:\USERS\LFRAZIER\DESKTOP\LFRAZIERRAYTRACER\DEBUG\LFRAZIERRAYTRACER.ILK
C:\USERS\LFRAZIER\DESKTOP\LFRAZIERRAYTRACER\DEBUG\LFRAZIERRAYTRACER.PDB
C:\USERS\LFRAZIER\DESKTOP\LFRAZIERRAYTRACER\LFRAZIERRAYTRACER\DEBUG\CABINET.OBJ
C:\USERS\LFRAZIER\DESKTOP\LFRAZIERRAYTRACER\LFRAZIERRAYTRACER\DEBUG\CAMERA.OBJ
C:\USERS\LFRAZIER\DESKTOP\LFRAZIERRAYTRACER\LFRAZIERRAYTRACER\DEBUG\CHAIR.OBJ
C:\Users\lfrazier\Desktop\lfrazierRaytracer\lfrazierRaytracer\Debug\cl.command.1.tlog
C:\Users\lfrazier\Desktop\lfrazierRaytracer\lfrazierRaytracer\Debug\CL.read.1.tlog
C:\Users\lfrazier\Desktop\lfrazierRaytracer\lfrazierRaytracer\Debug\CL.write.1.tlog
C:\USERS\LFRAZIER\DESKTOP\LFRAZIERRAYTRACER\LFRAZIERRAYTRACER\DEBUG\CUBE.OBJ
C:\USERS\LFRAZIER\DESKTOP\LFRAZIERRAYTRACER\LFRAZIERRAYTRACER\DEBUG\CYLINDER.OBJ
C:\USERS\LFRAZIER\DESKTOP\LFRAZIERRAYTRACER\LFRAZIERRAYTRACER\DEBUG\EASYBMP.OBJ
C:\USERS\LFRAZIER\DESKTOP\LFRAZIERRAYTRACER\LFRAZIERRAYTRACER\DEBUG\FLOOR.OBJ
C:\USERS\LFRAZIER\DESKTOP\LFRAZIERRAYTRACER\LFRAZIERRAYTRACER\DEBUG\FURNITURE.OBJ
C:\USERS\LFRAZIER\DESKTOP\LFRAZIERRAYTRACER\LFRAZIERRAYTRACER\DEBUG\GLEW.OBJ
C:\USERS\LFRAZIER\DESKTOP\LFRAZIERRAYTRACER\LFRAZIERRAYTRACER\DEBUG\INTERSECTION.OBJ
C:\USERS\LFRAZIER\DESKTOP\LFRAZIERRAYTRACER\LFRAZIERRAYTRACER\DEBUG\LAMP.OBJ
C:\USERS\LFRAZIER\DESKTOP\LFRAZIERRAYTRACER\LFRAZIERRAYTRACER\DEBUG\LFRAZIERRAYTRACER.EXE.EMBED.MANIFEST
C:\USERS\LFRAZIER\DESKTOP\LFRAZIERRAYTRACER\LFRAZIERRAYTRACER\DEBUG\LFRAZIERRAYTRACER.EXE.EMBED.MANIFEST.RES
C:\USERS\LFRAZIER\DESKTOP\LFRAZIERRAYTRACER\LFRAZIERRAYTRACER\DEBUG\LFRAZIERRAYTRACER.EXE.INTERMEDIATE.MANIFEST
C:\Users\lfrazier\Desktop\lfrazierRaytracer\lfrazierRaytracer\Debug\lfrazierRaytracer_manifest.rc
C:\Users\lfrazier\Desktop\lfrazierRaytracer\lfrazierRaytracer\Debug\link.2748.read.1.tlog
C:\Users\lfrazier\Desktop\lfrazierRaytracer\lfrazierRaytracer\Debug\link.2748.write.1.tlog
C:\Users\lfrazier\Desktop\lfrazierRaytracer\lfrazierRaytracer\Debug\link.2748-cvtres.read.1.tlog
C:\Users\lfrazier\Desktop\lfrazierRaytracer\lfrazierRaytracer\Debug\link.2748-cvtres.write.1.tlog
C:\Users\lfrazier\Desktop\lfrazierRaytracer\lfrazierRaytracer\Debug\link.6572.read.1.tlog
C:\Users\lfrazier\Desktop\lfrazierRaytracer\lfrazierRaytracer\Debug\link.6572.write.1.tlog
C:\Users\lfrazier\Desktop\lfrazierRaytracer\lfrazierRaytracer\Debug\link.6572-cvtres.read.1.tlog
C:\Users\lfrazier\Desktop\lfrazierRaytracer\lfrazierRaytracer\Debug\link.6572-cvtres.write.1.tlog
C:\Users\lfrazier\Desktop\lfrazierRaytracer\lfrazierRaytracer\Debug\link.command.1.tlog
C:\Users\lfrazier\Desktop\lfrazierRaytracer\lfrazierRaytracer\Debug\link.read.1.tlog
C:\Users\lfrazier\Desktop\lfrazierRaytracer\lfrazierRaytracer\Debug\link.write.1.tlog
C:\Users\lfrazier\Desktop\lfrazierRaytracer\lfrazierRaytracer\Debug\link-cvtres.read.1.tlog
C:\Users\lfrazier\Desktop\lfrazierRaytracer\lfrazierRaytracer\Debug\link-cvtres.write.1.tlog
C:\USERS\LFRAZIER\DESKTOP\LFRAZIERRAYTRACER\LFRAZIERRAYTRACER\DEBUG\MAIN.OBJ
C:\USERS\LFRAZIER\DESKTOP\LFRAZIERRAYTRACER\LFRAZIERRAYTRACER\DEBUG\MESH.OBJ
C:\Users\lfrazier\Desktop\lfrazierRaytracer\lfrazierRaytracer\Debug\mt.command.1.tlog
C:\Users\lfrazier\Desktop\lfrazierRaytracer\lfrazierRaytracer\Debug\mt.read.1.tlog
C:\Users\lfrazier\Desktop\lfrazierRaytracer\lfrazierRaytracer\Debug\mt.write.1.tlog
C:\USERS\LFRAZIER\DESKTOP\LFRAZIERRAYTRACER\LFRAZIERRAYTRACER\DEBUG\NODE.OBJ
C:\USERS\LFRAZIER\DESKTOP\LFRAZIERRAYTRACER\LFRAZIERRAYTRACER\DEBUG\RAYTRACER.OBJ
C:\Users\lfrazier\Desktop\lfrazierRaytracer\lfrazierRaytracer\Debug\rc.command.1.tlog
C:\Users\lfrazier\Desktop\lfrazierRaytracer\lfrazierRaytracer\Debug\rc.read.1.tlog
C:\Users\lfrazier\Desktop\lfrazierRaytracer\lfrazierRaytracer\Debug\rc.write.1.tlog
C:\USERS\LFRAZIER\DESKTOP\LFRAZIERRAYTRACER\LFRAZIERRAYTRACER\DEBUG\SCENEGRAPH.OBJ
C:\USERS\LFRAZIER\DESKTOP\LFRAZIERRAYTRACER\LFRAZIERRAYTRACER\DEBUG\SPHERE.OBJ
C:\USERS\LFRAZIER\DESKTOP\LFRAZIERRAYTRACER\LFRAZIERRAYTRACER\DEBUG\TABLE.OBJ
C:\Users\lfrazier\Desktop\lfrazierRaytracer\lfrazierRaytracer\Debug\vc100.idb
C:\USERS\LFRAZIER\DESKTOP\LFRAZIERRAYTRACER\LFRAZIERRAYTRACER\DEBUG\VC100.PDB
